<?xml version="1.0" encoding="UTF-8"?>
<!-- Generated by org.testng.reporters.JUnitReportReporter -->
<testsuite skipped="0" hostname="pankaj-pc" name="com.TestDataProviser.DataProviderTest" tests="5" failures="0" timestamp="25 May 2018 10:46:15 GMT" time="38.797" errors="0">
  <testcase name="RegisterationPage" time="8.553" classname="com.TestDataProviser.DataProviderTest"/>
  <testcase name="RegisterationPage" time="7.519" classname="com.TestDataProviser.DataProviderTest"/>
  <testcase name="RegisterationPage" time="7.570" classname="com.TestDataProviser.DataProviderTest"/>
  <testcase name="RegisterationPage" time="7.574" classname="com.TestDataProviser.DataProviderTest"/>
  <testcase name="RegisterationPage" time="7.581" classname="com.TestDataProviser.DataProviderTest"/>
</testsuite> <!-- com.TestDataProviser.DataProviderTest -->
