<?xml version="1.0" encoding="UTF-8"?>
<!-- Generated by org.testng.reporters.JUnitReportReporter -->
<testsuite skipped="0" hostname="pankaj-pc" name="com.TestNGBasics.TestAnnotations" tests="3" failures="0" timestamp="17 May 2018 10:25:47 GMT" time="0.010" errors="0">
  <testcase name="TsearchTest" time="0.004" classname="com.TestNGBasics.TestAnnotations"/>
  <testcase name="TitleTest" time="0.002" classname="com.TestNGBasics.TestAnnotations"/>
  <testcase name="googlelogoTest" time="0.004" classname="com.TestNGBasics.TestAnnotations"/>
</testsuite> <!-- com.TestNGBasics.TestAnnotations -->
