<?xml version="1.0" encoding="UTF-8"?>
<!-- Generated by org.testng.reporters.JUnitReportReporter -->
<testsuite skipped="0" hostname="pankaj-pc" name="com.parameters.ParameterTest" tests="1" failures="0" timestamp="17 May 2018 10:52:13 GMT" time="9.211" errors="0">
  <testcase name="yahooLogin" time="9.211" classname="com.parameters.ParameterTest"/>
</testsuite> <!-- com.parameters.ParameterTest -->
