<?xml version="1.0" encoding="UTF-8"?>
<!-- Generated by org.testng.reporters.JUnitReportReporter -->
<testsuite skipped="0" hostname="pankaj-pc" name="DDFramwork.TestCase001" tests="2" failures="0" timestamp="19 May 2018 12:39:40 GMT" time="21.199" errors="0">
  <testcase name="TC_001" time="12.983" classname="DDFramwork.TestCase001"/>
  <testcase name="TC_001" time="8.216" classname="DDFramwork.TestCase001"/>
</testsuite> <!-- DDFramwork.TestCase001 -->
