<?xml version="1.0" encoding="UTF-8"?>
<!-- Generated by org.testng.reporters.JUnitReportReporter -->
<testsuite skipped="0" hostname="pankaj-pc" name="com.TestNGBasics.ExceptionTimeOutTest" tests="1" failures="0" timestamp="17 May 2018 10:25:47 GMT" time="0.008" errors="0">
  <testcase name="infinitLoop" time="0.008" classname="com.TestNGBasics.ExceptionTimeOutTest"/>
</testsuite> <!-- com.TestNGBasics.ExceptionTimeOutTest -->
