<?xml version="1.0" encoding="UTF-8"?>
<!-- Generated by org.testng.reporters.JUnitReportReporter -->
<testsuite skipped="0" hostname="pankaj-pc" name="com.test.junit.TestJunit" tests="2" failures="0" timestamp="21 Mar 2018 08:40:40 GMT" time="0.027" errors="0">
  <testcase name="JunitMethod2" time="0.023" classname="com.test.junit.TestJunit"/>
  <testcase name="JunitMethod1" time="0.004" classname="com.test.junit.TestJunit"/>
</testsuite> <!-- com.test.junit.TestJunit -->
