<?xml version="1.0" encoding="UTF-8"?>
<!-- Generated by org.testng.reporters.JUnitReportReporter -->
<testsuite skipped="0" hostname="pankaj-pc" name="com.Test.log4j.GenrateLogs" tests="1" failures="0" timestamp="25 May 2018 10:24:13 GMT" time="7.737" errors="0">
  <testcase name="getTitle" time="7.737" classname="com.Test.log4j.GenrateLogs"/>
</testsuite> <!-- com.Test.log4j.GenrateLogs -->
