<?xml version="1.0" encoding="UTF-8"?>
<!-- Generated by org.testng.reporters.JUnitReportReporter -->
<testsuite skipped="0" hostname="pankaj-pc" name="testPOM.TestCase01" tests="1" failures="0" timestamp="11 Apr 2018 11:42:07 GMT" time="13.037" errors="0">
  <testcase name="TC01" time="13.037" classname="testPOM.TestCase01"/>
</testsuite> <!-- testPOM.TestCase01 -->
