<?xml version="1.0" encoding="UTF-8"?>
<!-- Generated by org.testng.reporters.JUnitReportReporter -->
<testsuite skipped="0" hostname="pankaj-pc" name="com.TestNGBasics.GoogleTest" tests="6" failures="0" timestamp="25 May 2018 11:04:17 GMT" time="30.387" errors="0">
  <testcase name="GoogleLogoTest" time="4.856" classname="com.TestNGBasics.GoogleTest"/>
  <testcase name="mailLinkTest" time="6.163" classname="com.TestNGBasics.GoogleTest"/>
  <testcase name="getTitle" time="4.787" classname="com.TestNGBasics.GoogleTest"/>
  <testcase name="Test1" time="4.865" classname="com.TestNGBasics.GoogleTest"/>
  <testcase name="Test3" time="5.052" classname="com.TestNGBasics.GoogleTest"/>
  <testcase name="Test2" time="4.664" classname="com.TestNGBasics.GoogleTest"/>
</testsuite> <!-- com.TestNGBasics.GoogleTest -->
