<?xml version="1.0" encoding="UTF-8"?>
<!-- Generated by org.testng.reporters.JUnitReportReporter -->
<testsuite skipped="0" hostname="pankaj-pc" name="testPOM.BaseClass" tests="1" failures="0" timestamp="10 Apr 2018 08:34:19 GMT" time="9.345" errors="0">
  <testcase name="registration" time="9.345" classname="testPOM.BaseClass"/>
</testsuite> <!-- testPOM.BaseClass -->
