<?xml version="1.0" encoding="UTF-8"?>
<!-- Generated by org.testng.reporters.JUnitReportReporter -->
<testsuite skipped="0" hostname="pankaj-pc" name="com.TestNGBasics.InvocationCountTest" tests="10" failures="0" timestamp="17 May 2018 10:25:47 GMT" time="0.034" errors="0">
  <testcase name="sum" time="0.003" classname="com.TestNGBasics.InvocationCountTest"/>
  <testcase name="sum" time="0.006" classname="com.TestNGBasics.InvocationCountTest"/>
  <testcase name="sum" time="0.002" classname="com.TestNGBasics.InvocationCountTest"/>
  <testcase name="sum" time="0.004" classname="com.TestNGBasics.InvocationCountTest"/>
  <testcase name="sum" time="0.002" classname="com.TestNGBasics.InvocationCountTest"/>
  <testcase name="sum" time="0.003" classname="com.TestNGBasics.InvocationCountTest"/>
  <testcase name="sum" time="0.003" classname="com.TestNGBasics.InvocationCountTest"/>
  <testcase name="sum" time="0.005" classname="com.TestNGBasics.InvocationCountTest"/>
  <testcase name="sum" time="0.003" classname="com.TestNGBasics.InvocationCountTest"/>
  <testcase name="sum" time="0.003" classname="com.TestNGBasics.InvocationCountTest"/>
</testsuite> <!-- com.TestNGBasics.InvocationCountTest -->
