<?xml version="1.0" encoding="UTF-8"?>
<!-- Generated by org.testng.reporters.JUnitReportReporter -->
<testsuite skipped="0" hostname="pankaj-pc" name="testPOM.TestCase02" tests="1" failures="0" timestamp="11 Apr 2018 08:40:00 GMT" time="12.041" errors="0">
  <testcase name="TC02" time="12.041" classname="testPOM.TestCase02"/>
</testsuite> <!-- testPOM.TestCase02 -->
